<?xml version="1.0" encoding="UTF-8"?>
<!-- Generated by org.testng.reporters.JUnitXMLReporter -->
<testsuite hostname="Poojas-MacBook-Pro.local" ignored="0" name="Default test" tests="3" failures="0" timestamp="28 Aug 2018 20:45:55 GMT" time="15.772" errors="0">
  <testcase name="loginpageTitleTest" time="0.03" classname="com.crm.qa.testcases.LoginPageTest"/>
  <testcase name="crmlogoimageTest" time="0.096" classname="com.crm.qa.testcases.LoginPageTest"/>
  <testcase name="loginTest" time="5.389" classname="com.crm.qa.testcases.LoginPageTest"/>
</testsuite> <!-- Default test -->
